#! /usr/local/bin/vvp
:ivl_version "10.2 (stable)" "(v10_2)";
:ivl_delay_selection "TYPICAL";
:vpi_time_precision - 11;
:vpi_module "system";
:vpi_module "vhdl_sys";
:vpi_module "v2005_math";
:vpi_module "va_math";
S_0x233e9d0 .scope module, "test_circuit" "test_circuit" 2 4;
 .timescale -9 -11;
v0x2368f60_0 .var "clk", 0 0;
v0x2369050_0 .var "ende", 0 0;
v0x2369120_0 .var "in", 3 0;
v0x2369220_0 .net "out", 3 0, v0x2368af0_0;  1 drivers
S_0x233eb50 .scope module, "p1" "prioq" 2 11, 3 1 0, S_0x233e9d0;
 .timescale 0 0;
    .port_info 0 /INPUT 4 "in"
    .port_info 1 /INPUT 1 "clk"
    .port_info 2 /OUTPUT 4 "out"
    .port_info 3 /INPUT 1 "ende"
P_0x233a8e0 .param/l "size" 0 3 7, +C4<00000000000000000000000000001111>;
v0x2303d60 .array "arr", 0 15, 3 0;
v0x2303e00_0 .net "clk", 0 0, v0x2368f60_0;  1 drivers
v0x23685b0_0 .var/i "count", 31 0;
v0x23686a0_0 .net "ende", 0 0, v0x2369050_0;  1 drivers
v0x2368760_0 .var/i "i", 31 0;
v0x2368890_0 .net "in", 3 0, v0x2369120_0;  1 drivers
v0x2368970_0 .var "isempty", 0 0;
v0x2368a30_0 .var "isfull", 0 0;
v0x2368af0_0 .var "out", 3 0;
v0x2368c60 .array "priority_array", 0 15, 1 0;
v0x2368d20_0 .var "tmp", 3 0;
v0x2368e00_0 .var "tmp_priority", 1 0;
E_0x233f520 .event posedge, v0x2303e00_0;
    .scope S_0x233eb50;
T_0 ;
    %pushi/vec4 0, 0, 32;
    %assign/vec4 v0x23685b0_0, 0;
    %end;
    .thread T_0;
    .scope S_0x233eb50;
T_1 ;
    %wait E_0x233f520;
    %load/vec4 v0x23686a0_0;
    %pad/u 32;
    %cmpi/e 0, 0, 32;
    %jmp/0xz  T_1.0, 4;
    %load/vec4 v0x2368890_0;
    %ix/getv/s 3, v0x23685b0_0;
    %ix/load 4, 0, 0; Constant delay
    %assign/vec4/a/d v0x2303d60, 0, 4;
    %load/vec4 v0x2368890_0;
    %parti/s 2, 2, 3;
    %ix/getv/s 3, v0x23685b0_0;
    %ix/load 4, 0, 0; Constant delay
    %assign/vec4/a/d v0x2368c60, 0, 4;
    %load/vec4 v0x23685b0_0;
    %addi 1, 0, 32;
    %store/vec4 v0x23685b0_0, 0, 32;
    %jmp T_1.1;
T_1.0 ;
    %load/vec4 v0x23686a0_0;
    %pad/u 32;
    %cmpi/e 1, 0, 32;
    %jmp/0xz  T_1.2, 4;
    %pushi/vec4 0, 0, 32;
    %store/vec4 v0x2368760_0, 0, 32;
T_1.4 ;
    %load/vec4 v0x2368760_0;
    %load/vec4 v0x23685b0_0;
    %cmp/s;
    %jmp/0xz T_1.5, 5;
    %ix/load 4, 0, 0;
    %flag_set/imm 4, 0;
    %load/vec4a v0x2368c60, 4;
    %ix/getv/s 4, v0x2368760_0;
    %load/vec4a v0x2368c60, 4;
    %cmp/u;
    %jmp/0xz  T_1.6, 5;
    %ix/getv/s 4, v0x2368760_0;
    %load/vec4a v0x2303d60, 4;
    %store/vec4 v0x2368d20_0, 0, 4;
    %ix/getv/s 4, v0x2368760_0;
    %load/vec4a v0x2368c60, 4;
    %store/vec4 v0x2368e00_0, 0, 2;
    %ix/load 4, 0, 0;
    %flag_set/imm 4, 0;
    %load/vec4a v0x2303d60, 4;
    %ix/getv/s 4, v0x2368760_0;
    %store/vec4a v0x2303d60, 4, 0;
    %ix/load 4, 0, 0;
    %flag_set/imm 4, 0;
    %load/vec4a v0x2368c60, 4;
    %ix/getv/s 4, v0x2368760_0;
    %store/vec4a v0x2368c60, 4, 0;
    %load/vec4 v0x2368d20_0;
    %ix/load 4, 0, 0;
    %flag_set/imm 4, 0;
    %store/vec4a v0x2303d60, 4, 0;
    %load/vec4 v0x2368e00_0;
    %ix/load 4, 0, 0;
    %flag_set/imm 4, 0;
    %store/vec4a v0x2368c60, 4, 0;
T_1.6 ;
    %load/vec4 v0x2368760_0;
    %addi 1, 0, 32;
    %store/vec4 v0x2368760_0, 0, 32;
    %jmp T_1.4;
T_1.5 ;
    %ix/load 4, 0, 0;
    %flag_set/imm 4, 0;
    %load/vec4a v0x2303d60, 4;
    %store/vec4 v0x2368af0_0, 0, 4;
    %load/vec4 v0x23685b0_0;
    %subi 1, 0, 32;
    %store/vec4 v0x23685b0_0, 0, 32;
T_1.2 ;
T_1.1 ;
    %jmp T_1;
    .thread T_1;
    .scope S_0x233e9d0;
T_2 ;
    %pushi/vec4 0, 0, 1;
    %assign/vec4 v0x2368f60_0, 0;
    %end;
    .thread T_2;
    .scope S_0x233e9d0;
T_3 ;
    %delay 500, 0;
    %load/vec4 v0x2368f60_0;
    %inv;
    %store/vec4 v0x2368f60_0, 0, 1;
    %jmp T_3;
    .thread T_3;
    .scope S_0x233e9d0;
T_4 ;
    %vpi_call 2 20 "$dumpfile", "test.vcd" {0 0 0};
    %vpi_call 2 21 "$dumpvars", 32'sb00000000000000000000000000000000, S_0x233e9d0 {0 0 0};
    %pushi/vec4 0, 0, 1;
    %assign/vec4 v0x2369050_0, 0;
    %pushi/vec4 3, 0, 4;
    %assign/vec4 v0x2369120_0, 0;
    %delay 1000, 0;
    %pushi/vec4 10, 0, 4;
    %assign/vec4 v0x2369120_0, 0;
    %delay 1000, 0;
    %pushi/vec4 1, 0, 1;
    %assign/vec4 v0x2369050_0, 0;
    %delay 1000, 0;
    %pushi/vec4 0, 0, 1;
    %assign/vec4 v0x2369050_0, 0;
    %pushi/vec4 13, 0, 4;
    %assign/vec4 v0x2369120_0, 0;
    %delay 1000, 0;
    %pushi/vec4 1, 0, 1;
    %assign/vec4 v0x2369050_0, 0;
    %delay 2000, 0;
    %vpi_call 2 35 "$finish" {0 0 0};
    %end;
    .thread T_4;
    .scope S_0x233e9d0;
T_5 ;
    %vpi_call 2 39 "$monitor", "Time:- %t, Ende:- %b, in:- %b, out:- %b", $time, v0x2369050_0, v0x2369120_0, v0x2369220_0 {0 0 0};
    %end;
    .thread T_5;
# The file index is used to find the file name in the following table.
:file_names 4;
    "N/A";
    "<interactive>";
    "testbench.v";
    "priorityqueue.v";
